[2017-05-04 13:13:32] select * from account_base where username = '22849919-9f4c-45e7-ac5c-dba4f7f2c958'
[2017-05-04 13:13:58] select * from account_base where username = '22849919-9f4c-45e7-ac5c-dba4f7f2c958'
[2017-05-04 13:14:17] select * from account_base where username = '22849919-9f4c-45e7-ac5c-dba4f7f2c958'
[2017-05-04 13:15:20] select * from account_base where username = '22849919-9f4c-45e7-ac5c-dba4f7f2c958'
[2017-05-04 13:17:24] select * from account_base where username = '22849919-9f4c-45e7-ac5c-dba4f7f2c958'
[2017-05-04 13:19:51] select * from account_base where username = '22849919-9f4c-45e7-ac5c-dba4f7f2c958'
[2017-05-04 13:19:58] select * from account_base where username = '22849919-9f4c-45e7-ac5c-dba4f7f2c958'
[2017-05-04 13:22:06] select * from account_base where username = '22849919-9f4c-45e7-ac5c-dba4f7f2c958'
[2017-05-04 13:30:29] select * from account_base where username = '22849919-9f4c-45e7-ac5c-dba4f7f2c958'
[2017-05-04 13:32:01] select * from account_base where username = 'aaa'
[2017-05-04 13:41:30] select * from account_base where username = '22849919-9f4c-45e7-ac5c-dba4f7f2c958'
[2017-05-04 13:47:03] select * from account_base where username = '22849919-9f4c-45e7-ac5c-dba4f7f2c958'
[2017-05-04 13:47:39] select * from account_base where username = 'www'
[2017-05-04 13:47:47] select * from account_base where username = 'qqq'
[2017-05-04 13:47:53] call create_new_account('1257B9BD-835F-4A80-819B-3487F1C6D0E9', 'qqq', '4141b49cef80d07883d072ce689468b3', 'opsTexCb2fwpsRsVMV4luLoRAhef63OH', '172.17.240.132', @out_account_id, @out_result)
[2017-05-04 13:47:53] select @out_account_id, @out_result
[2017-05-04 13:55:11] select * from account_base where username = '22849919-9f4c-45e7-ac5c-dba4f7f2c958'
[2017-05-04 13:57:56] call create_new_account('1DFB12F8-4524-4545-8314-8EF8F175A608', 'ttt', '5242d02a5e760847dcafcff4ac781323', 'QTQxYBcbwlkD6piFqDCxi36pWhc5IleD', '127.0.0.1', @out_account_id, @out_result)
[2017-05-04 13:57:56] select @out_account_id, @out_result
[2017-05-04 13:59:17] call create_new_account('980D27C5-17D0-43BD-9653-671B47569E7E', 'gm', 'ae4021dfd87c01af92cbd83417cc6168', 'KryVCfszAVuTWFmhoVu7M7wVghIpadgp', '127.0.0.1', @out_account_id, @out_result)
[2017-05-04 13:59:17] select @out_account_id, @out_result
